<?xml version="1.0" encoding="UTF-8"?>
<!-- Generated by org.testng.reporters.JUnitReportReporter -->
<testsuite hostname="Sivajyothis-MacBook-Air.local" failures="0" tests="1" name="com.ebanking.testCases.TCLogin" time="7.982" errors="0" timestamp="2022-06-01T22:25:24 IST" skipped="0">
  <testcase classname="com.ebanking.testCases.TCLogin" name="loginTest" time="7.982"/>
  <system-out/>
</testsuite> <!-- com.ebanking.testCases.TCLogin -->
