<?xml version="1.0" encoding="UTF-8"?>
<!-- Generated by org.testng.reporters.JUnitReportReporter -->
<testsuite hostname="Sivajyothis-MacBook-Air.local" failures="0" tests="1" name="com.ebanking.testCases.TCLogin" time="4.654" errors="0" timestamp="2022-06-07T01:27:39 IST" skipped="0">
  <testcase classname="com.ebanking.testCases.TCLogin" name="loginTest" time="4.654"/>
  <system-out/>
</testsuite> <!-- com.ebanking.testCases.TCLogin -->
